proguard/seeds.txt
com.byc.wzry.R$dimen: int activity_horizontal_margin
com.byc.wzry.R$dimen: int activity_vertical_margin
com.byc.wzry.R$drawable: int bj
com.byc.wzry.R$drawable: int float_button_get
com.byc.wzry.R$drawable: int float_button_ret
com.byc.wzry.R$drawable: int ic_launcher
com.byc.wzry.R$drawable: int ico
com.byc.wzry.R$drawable: int tiao
com.byc.wzry.R$id: int LinearLayout1
com.byc.wzry.R$id: int ScrollView1
com.byc.wzry.R$id: int action_floatwindow
com.byc.wzry.R$id: int action_settings
com.byc.wzry.R$id: int btClose
com.byc.wzry.R$id: int btOK
com.byc.wzry.R$id: int btReg
com.byc.wzry.R$id: int btRunGame
com.byc.wzry.R$id: int btStart
com.byc.wzry.R$id: int etPWD
com.byc.wzry.R$id: int etRegCode
com.byc.wzry.R$id: int fbtGet
com.byc.wzry.R$id: int fbtMove
com.byc.wzry.R$id: int fbtRet
com.byc.wzry.R$id: int iv0
com.byc.wzry.R$id: int ll_content
com.byc.wzry.R$id: int rbChildrenSound
com.byc.wzry.R$id: int rbCloseSound
com.byc.wzry.R$id: int rbFemaleSound
com.byc.wzry.R$id: int rbMaleSound
com.byc.wzry.R$id: int rbMotionMaleSound
com.byc.wzry.R$id: int rbSpecialMaleSound
com.byc.wzry.R$id: int rgSelSoundMode
com.byc.wzry.R$id: int surface
com.byc.wzry.R$id: int swCoolTime
com.byc.wzry.R$id: int swNn
com.byc.wzry.R$id: int swPerspection
com.byc.wzry.R$id: int swWinChance
com.byc.wzry.R$id: int tvHomePage
com.byc.wzry.R$id: int tvNoDuty
com.byc.wzry.R$id: int tvNoDutyContent
com.byc.wzry.R$id: int tvPlease
com.byc.wzry.R$id: int tvRegState
com.byc.wzry.R$id: int tvRegWarm
com.byc.wzry.R$id: int tvRemark1
com.byc.wzry.R$id: int tvSelSoundMode
com.byc.wzry.R$id: int tvShow
com.byc.wzry.R$id: int txFunc1
com.byc.wzry.R$id: int txtSay
com.byc.wzry.R$id: int txtSayContent
com.byc.wzry.R$layout: int activity_camera
com.byc.wzry.R$layout: int activity_lock
com.byc.wzry.R$layout: int activity_main
com.byc.wzry.R$layout: int activity_splash
com.byc.wzry.R$layout: int float_layout
com.byc.wzry.R$layout: int float_lock
com.byc.wzry.R$layout: int float_window_layout
com.byc.wzry.R$menu: int main
com.byc.wzry.R$string: int Title
com.byc.wzry.R$string: int accessibility_description
com.byc.wzry.R$string: int action_floatwindow
com.byc.wzry.R$string: int action_settings
com.byc.wzry.R$string: int app_name
com.byc.wzry.R$string: int float_btReturn
com.byc.wzry.R$string: int floating
com.byc.wzry.R$string: int hello_world
com.byc.wzry.R$string: int lock_say
com.byc.wzry.R$string: int service_name
com.byc.wzry.R$string: int title_activity_camera
com.byc.wzry.R$string: int title_activity_lock
com.byc.wzry.R$style: int AppBaseTheme
com.byc.wzry.R$style: int AppTheme
com.byc.wzry.R$xml: int lock
com.byc.wzry.R$xml: int qianghongbao_service_config
...
com.baidu.tts.d.a.f
com.baidu.tts.d.a.f: f(com.baidu.tts.d.a.b)
com.baidu.tts.d.a.f: void a()
com.baidu.tts.d.a.f: void f()
com.baidu.tts.d.a.f: com.baidu.tts.d.a.e a(com.baidu.tts.d.a.c)
com.baidu.tts.d.a.g
com.baidu.tts.d.a.g: com.baidu.tts.d.a.c a
com.baidu.tts.d.a.g: g(java.io.File,com.baidu.tts.d.a.c)
com.baidu.tts.d.a.g: void onFailure(int,org.apache.http.Header[],java.lang.Throwable,java.io.File)
com.baidu.tts.d.a.g: void onSuccess(int,org.apache.http.Header[],java.io.File)
com.baidu.tts.d.a.g: void onProgress(long,long)
com.baidu.tts.d.a.h
com.baidu.tts.d.a.h: h(com.baidu.tts.d.a.b)
com.baidu.tts.d.a.h: void c()
com.baidu.tts.d.a.h: void e()
com.baidu.tts.d.a.h: void f()
com.baidu.tts.d.a.h: com.baidu.tts.d.a.e a(com.baidu.tts.d.a.c)
com.baidu.tts.d.a.i
com.baidu.tts.d.a.i: i(com.baidu.tts.d.a.b)
com.baidu.tts.d.a.i: com.baidu.tts.aop.tts.TtsError b()
com.baidu.tts.d.b
com.baidu.tts.d.b: java.lang.String a
com.baidu.tts.d.b: com.baidu.tts.client.model.OnDownloadListener b
com.baidu.tts.d.b: b()
com.baidu.tts.d.b: java.lang.String a()
com.baidu.tts.d.b: void a(java.lang.String)
com.baidu.tts.d.b: boolean b()
com.baidu.tts.d.b: com.baidu.tts.client.model.OnDownloadListener c()
com.baidu.tts.d.b: void a(com.baidu.tts.client.model.OnDownloadListener)
com.baidu.tts.d.b.a
com.baidu.tts.d.b.a: com.baidu.tts.d.b.a a
com.baidu.tts.d.b.a: com.baidu.tts.d.b.e b
com.baidu.tts.d.b.a: com.baidu.tts.database.a c
com.baidu.tts.d.b.a: a()
com.baidu.tts.d.b.a: com.baidu.tts.d.b.a a()
com.baidu.tts.d.b.a: com.baidu.tts.database.a b()
com.baidu.tts.d.b.a: void a(com.baidu.tts.database.a)
com.baidu.tts.d.b.a: com.baidu.tts.d.b.b a(java.lang.String)
com.baidu.tts.d.b.a: com.baidu.tts.d.b.d b(java.lang.String)
com.baidu.tts.d.b.a: com.baidu.tts.d.b.c c(java.lang.String)
com.baidu.tts.d.b.a: long d(java.lang.String)
com.baidu.tts.d.b.a: int e(java.lang.String)
com.baidu.tts.d.b.a: void a(com.baidu.tts.client.model.DownloadHandler)
com.baidu.tts.d.b.a: void a(java.lang.String,java.lang.String)
com.baidu.tts.d.b.a: void c()
com.baidu.tts.d.b.a: void <clinit>()
com.baidu.tts.d.b.b
com.baidu.tts.d.b.b: java.lang.String a
com.baidu.tts.d.b.b: long b
com.baidu.tts.d.b.b: java.lang.String c
com.baidu.tts.d.b.b: int d
com.baidu.tts.d.b.b: int e
com.baidu.tts.d.b.b: java.lang.String f
com.baidu.tts.d.b.b: com.baidu.tts.d.a.e g
com.baidu.tts.d.b.b: java.util.concurrent.CopyOnWriteArraySet h
com.baidu.tts.d.b.b: b(java.lang.String)
com.baidu.tts.d.b.b: void a(java.lang.String)
com.baidu.tts.d.b.b: void b(java.lang.String)
com.baidu.tts.d.b.b: void j()
com.baidu.tts.d.b.b: long a()
com.baidu.tts.d.b.b: void a(com.baidu.tts.d.a.e)
com.baidu.tts.d.b.b: java.lang.String b()
com.baidu.tts.d.b.b: java.lang.String c()
com.baidu.tts.d.b.b: void c(java.lang.String)
com.baidu.tts.d.b.b: int d()
com.baidu.tts.d.b.b: boolean a(com.baidu.tts.database.a)
com.baidu.tts.d.b.b: boolean e()
com.baidu.tts.d.b.b: boolean f()
com.baidu.tts.d.b.b: int b(com.baidu.tts.database.a)
com.baidu.tts.d.b.b: int a(com.baidu.tts.d.b.c)
com.baidu.tts.d.b.b: void g()
com.baidu.tts.d.b.b: void h()
com.baidu.tts.d.b.b: void a(long,long)
com.baidu.tts.d.b.b: void i()
com.baidu.tts.d.b.b: void a(com.baidu.tts.aop.tts.TtsError)
com.baidu.tts.d.b.c
com.baidu.tts.d.b.c: java.lang.String a
com.baidu.tts.d.b.c: java.util.Map b
com.baidu.tts.d.b.c: c(java.lang.String)
com.baidu.tts.d.b.c: boolean a(com.baidu.tts.database.a)
com.baidu.tts.d.b.c: void a(com.baidu.tts.client.model.ModelFileBags,com.baidu.tts.database.a)
com.baidu.tts.d.b.c: java.lang.String a()
com.baidu.tts.d.b.c: java.lang.String b()
com.baidu.tts.d.b.c: java.lang.String c()