proguard/mapping.txt
com.byc.wzry.ProcessConnection -> com.a.a.a:
com.byc.wzry.ProcessConnection$Stub -> com.a.a.b:
    void <init>() -> <init>
    android.os.IBinder asBinder() -> asBinder
    boolean onTransact(int,android.os.Parcel,android.os.Parcel,int) -> onTransact
...
com.baidu.tts.aop.tts.ITts -> com.baidu.tts.aop.tts.ITts:
    void setTtsListener(com.baidu.tts.aop.ttslistener.TtsListener) -> setTtsListener
    com.baidu.tts.aop.ttslistener.TtsListener getTtsListener() -> getTtsListener
    void setContext(android.content.Context) -> setContext
    void setMode(com.baidu.tts.f.m) -> setMode
    com.baidu.tts.f.m getMode() -> getMode
    com.baidu.tts.auth.AuthInfo auth(com.baidu.tts.f.m) -> auth
    int setParam(com.baidu.tts.f.g,java.lang.String) -> setParam
    void speak(com.baidu.tts.m.i) -> speak
    void synthesize(com.baidu.tts.m.i) -> synthesize
    com.baidu.tts.m.j getTtsParams() -> getTtsParams
    int loadCustomResource(com.baidu.tts.m.e) -> loadCustomResource
    int freeCustomResource(com.baidu.tts.m.e) -> freeCustomResource
    int loadModel(com.baidu.tts.m.g) -> loadModel
    int loadEnglishModel(com.baidu.tts.m.f) -> loadEnglishModel
    int setStereoVolume(float,float) -> setStereoVolume
    int setAudioStreamType(int) -> setAudioStreamType
com.baidu.tts.aop.tts.OfflineAuthNotificationInterceptor -> com.baidu.tts.aop.tts.OfflineAuthNotificationInterceptor:
    java.util.concurrent.atomic.AtomicInteger b -> b
    void <init>() -> <init>
    void a() -> a
    java.lang.Object a(java.lang.Object,java.lang.reflect.Method,java.lang.Object[]) -> a
    java.lang.Object a(com.baidu.tts.o.a.c,com.baidu.tts.m.j,com.baidu.tts.m.i) -> a
    void a(com.baidu.tts.auth.b$a,com.baidu.tts.m.i) -> a
com.baidu.tts.aop.tts.OfflineAuthNotificationInterceptor$1 -> com.baidu.tts.aop.tts.OfflineAuthNotificationInterceptor$1:
    int[] a -> a
    void <clinit>() -> <clinit>
com.baidu.tts.aop.tts.StatisticsInterceptor -> com.baidu.tts.aop.tts.StatisticsInterceptor:
    void <init>() -> <init>
    void a() -> a
    java.lang.Object a(java.lang.Object,java.lang.reflect.Method,java.lang.Object[]) -> a
com.baidu.tts.aop.tts.TtsError -> com.baidu.tts.aop.tts.TtsError:
    java.lang.Throwable a -> a
    int b -> b
    java.lang.String c -> c
    com.baidu.tts.h.a.b d -> d
    void <init>() -> <init>
    com.baidu.tts.h.a.b getTtsErrorFlyweight() -> getTtsErrorFlyweight
    void setTtsErrorFlyweight(com.baidu.tts.h.a.b) -> setTtsErrorFlyweight
    com.baidu.tts.f.n getErrorEnum() -> getErrorEnum
    java.lang.Throwable getThrowable() -> getThrowable
    void setThrowable(java.lang.Throwable) -> setThrowable
    int getCode() -> getCode
    void setCode(int) -> setCode
    java.lang.String getMessage() -> getMessage
    void setMessage(java.lang.String) -> setMessage
    int getDetailCode() -> getDetailCode
    java.lang.String getDetailMessage() -> getDetailMessage
com.baidu.tts.aop.tts.TtsFactory -> com.baidu.tts.aop.tts.TtsFactory:
    void <init>() -> <init>
    com.baidu.tts.aop.tts.ITts createProxied() -> createProxied
    com.baidu.tts.aop.IInterceptorHandler createInterceptorHandler() -> createInterceptorHandler
    java.util.List createInterceptors() -> createInterceptors
    java.lang.Object createProxied() -> createProxied
com.baidu.tts.aop.tts.TtsInterceptorHandler -> com.baidu.tts.aop.tts.TtsInterceptorHandler:
    void <init>() -> <init>
    void registerMethods() -> registerMethods
com.baidu.tts.aop.ttslistener.ProgressCorrectInterceptor -> com.baidu.tts.aop.ttslistener.ProgressCorrectInterceptor:
    void <init>() -> <init>
    void a() -> a
    java.lang.Object a(java.lang.Object,java.lang.reflect.Method,java.lang.Object[]) -> a
com.baidu.tts.aop.ttslistener.TtsListener -> com.baidu.tts.aop.ttslistener.TtsListener:
    void onSynthesizeStart(com.baidu.tts.m.h) -> onSynthesizeStart
    void onSynthesizeDataArrived(com.baidu.tts.m.h) -> onSynthesizeDataArrived
    void onSynthesizeFinished(com.baidu.tts.m.h) -> onSynthesizeFinished
    void onPlayStart(com.baidu.tts.m.h) -> onPlayStart
    void onPlayProgressUpdate(com.baidu.tts.m.h) -> onPlayProgressUpdate
    void onPlayFinished(com.baidu.tts.m.h) -> onPlayFinished
    void onError(com.baidu.tts.m.h) -> onError